<?xml version="1.0" encoding="utf-8"?><testsuites name="pytest tests"><testsuite name="pytest" errors="0" failures="0" skipped="0" tests="27" time="85.208" timestamp="2026-08-06T17:46:05.984868+00:00" hostname="agent-env-53cd976d-dd01-4ba3-8e9f-a7ae7088dc50"><testcase classname="backend.tests.backend_test.TestHealth" name="test_root" time="0.311" /><testcase classname="backend.tests.backend_test.TestAuthCore" name="test_analyses_require_auth" time="0.077" /><testcase classname="backend.tests.backend_test.TestAuthCore" name="test_demo_login_sets_cookies_and_me" time="0.473" /><testcase classname="backend.tests.backend_test.TestAuthCore" name="test_refresh_endpoint_issues_new_access" time="0.557" /><testcase classname="backend.tests.backend_test.TestAuthCore" name="test_refresh_without_cookie_401" time="0.153" /><testcase classname="backend.tests.backend_test.TestAuthCore" name="test_logout_clears_cookies_and_me_401" time="0.624" /><testcase classname="backend.tests.backend_test.TestAuthRegistration" name="test_register_success_and_duplicate_400" time="0.551" /><testcase classname="backend.tests.backend_test.TestAuthRegistration" name="test_register_short_password_422" time="0.175" /><testcase classname="backend.tests.backend_test.TestAuthRegistration" name="test_register_invalid_email_422_array_detail" time="0.157" /><testcase classname="backend.tests.backend_test.TestAuthRegistration" name="test_wrong_password_401" time="0.407" /><testcase classname="backend.tests.backend_test.TestAuthRegistration" name="test_lockout_after_5_failures" time="2.635" /><testcase classname="backend.tests.backend_test.TestPasswordReset" name="test_forgot_password_always_200" time="0.148" /><testcase classname="backend.tests.backend_test.TestPasswordReset" name="test_reset_password_invalid_token_400" time="0.151" /><testcase classname="backend.tests.backend_test.TestPasswordReset" name="test_forgot_and_reset_flow" time="0.704" /><testcase classname="backend.tests.backend_test.TestIsolation" name="test_user_b_sees_empty_history_and_cannot_access_demo_analysis" time="1.343" /><testcase classname="backend.tests.backend_test.TestIsolation" name="test_user_b_upload_not_visible_to_demo" time="1.342" /><testcase classname="backend.tests.backend_test.TestAnalysisRegressions" name="test_report_shape" time="0.090" /><testcase classname="backend.tests.backend_test.TestAnalysisRegressions" name="test_list_analyses_contains_demo" time="0.077" /><testcase classname="backend.tests.backend_test.TestAnalysisRegressions" name="test_random_uuid_404" time="0.090" /><testcase classname="backend.tests.backend_test.TestAnalysisRegressions" name="test_reject_text_file" time="0.085" /><testcase classname="backend.tests.backend_test.TestUploadOwnerVisibility" name="test_fresh_upload_visible_immediately_and_completes" time="36.794" /><testcase classname="backend.tests.backend_test.TestPdfExport" name="test_pdf_export_completed_report" time="0.193" /><testcase classname="backend.tests.backend_test.TestPdfExport" name="test_pdf_export_processing_returns_409" time="32.352" /><testcase classname="backend.tests.backend_test.TestPdfExport" name="test_pdf_export_requires_auth" time="0.075" /><testcase classname="backend.tests.backend_test.TestChat" name="test_chat_stream_and_persistence" time="5.347" /><testcase classname="backend.tests.backend_test.TestChat" name="test_chat_requires_auth" time="0.071" /><testcase classname="backend.tests.backend_test.TestChat" name="test_empty_message_400" time="0.077" /></testsuite></testsuites>