<?xml version="1.0" encoding="utf-8"?><testsuites name="pytest tests"><testsuite name="pytest" errors="0" failures="0" skipped="0" tests="9" time="42.945" timestamp="2026-08-06T17:12:33.800337+00:00" hostname="agent-env-53cd976d-dd01-4ba3-8e9f-a7ae7088dc50"><testcase classname="tests.backend_test.TestHealth" name="test_root" time="0.222" /><testcase classname="tests.backend_test.TestValidation" name="test_reject_text_file" time="0.080" /><testcase classname="tests.backend_test.TestValidation" name="test_404_random_uuid" time="0.079" /><testcase classname="tests.backend_test.TestValidation" name="test_empty_chat_message" time="37.768" /><testcase classname="tests.backend_test.TestValidation" name="test_chat_on_unknown_analysis" time="0.083" /><testcase classname="tests.backend_test.TestAnalysisResult" name="test_report_shape" time="0.076" /><testcase classname="tests.backend_test.TestAnalysisResult" name="test_list_analyses" time="0.076" /><testcase classname="tests.backend_test.TestAnalysisResult" name="test_download_file" time="0.452" /><testcase classname="tests.backend_test.TestChat" name="test_chat_stream_and_persistence" time="4.045" /></testsuite></testsuites>